<?xml version="1.0" encoding="UTF-8"?>
<!-- Generated by org.testng.reporters.JUnitXMLReporter -->
<testsuite ignored="10" hostname="eepsas-MacBook-Pro.local" failures="0" tests="36" name="MyTest" time="776.511" errors="0" timestamp="2022-02-10T09:19:41 PST">
  <testcase classname="com.salesforce.test.UsermenuDropdownTest" name="TC05" time="8.928"/>
  <testcase classname="com.salesforce.test.UsermenuDropdownTest" name="TC06" time="41.752"/>
  <testcase classname="com.salesforce.test.UsermenuDropdownTest" name="TC07" time="26.216"/>
  <testcase classname="com.salesforce.test.UsermenuDropdownTest" name="TC07calendar" time="18.676"/>
  <testcase classname="com.salesforce.test.UsermenuDropdownTest" name="TC07email" time="31.512"/>
  <testcase classname="com.salesforce.test.UsermenuDropdownTest" name="TC08" time="10.441"/>
  <testcase classname="com.salesforce.test.UsermenuDropdownTest" name="TC09" time="7.572"/>
  <testcase classname="com.salesforce.test.UsermenuDropdownTest" name="profilePicture" time="74.214"/>
  <testcase classname="com.salesforce.test.CreateaccountTest" name="TC10" time="9.958"/>
  <testcase classname="com.salesforce.test.CreateaccountTest" name="TC11" time="9.871"/>
  <testcase classname="com.salesforce.test.CreateaccountTest" name="TC12" time="18.749"/>
  <testcase classname="com.salesforce.test.CreateaccountTest" name="TC13" time="22.712"/>
  <testcase classname="com.salesforce.test.CreateaccountTest" name="TC14" time="12.39"/>
  <testcase classname="com.salesforce.test.CreateOptyTest" name="TC15" time="7.744"/>
  <testcase classname="com.salesforce.test.CreateOptyTest" name="TC16" time="15.654"/>
  <testcase classname="com.salesforce.test.CreateOptyTest" name="TC17" time="9.19"/>
  <testcase classname="com.salesforce.test.CreateOptyTest" name="TC18" time="9.413"/>
  <testcase classname="com.salesforce.test.CreateOptyTest" name="TC19" time="13.483"/>
  <testcase classname="com.salesforce.test.LeadsTest" name="TC20" time="10.03"/>
  <testcase classname="com.salesforce.test.LeadsTest" name="TC21" time="8.586"/>
  <testcase classname="com.salesforce.test.LeadsTest" name="TC22" time="18.579"/>
  <testcase classname="com.salesforce.test.LeadsTest" name="TC23" time="10.179"/>
  <testcase classname="com.salesforce.test.LeadsTest" name="TC24" time="12.256"/>
  <testcase classname="com.salesforce.test.ContactTest" name="TC25" time="11.185"/>
  <testcase classname="com.salesforce.test.ContactTest" name="TC26" time="9.832"/>
  <testcase classname="com.salesforce.test.ContactTest" name="TC27" time="9.754"/>
  <testcase classname="com.salesforce.test.ContactTest" name="TC28" time="9.968"/>
  <testcase classname="com.salesforce.test.ContactTest" name="TC29" time="9.815"/>
  <testcase classname="com.salesforce.test.ContactTest" name="TC30" time="13.745"/>
  <testcase classname="com.salesforce.test.ContactTest" name="TC31" time="11.77"/>
  <testcase classname="com.salesforce.test.ContactTest" name="TC32" time="11.843"/>
  <testcase classname="com.salesforce.test.RandomscenarioTest" name="TC33" time="7.209"/>
  <testcase classname="com.salesforce.test.RandomscenarioTest" name="TC34" time="13.203"/>
  <testcase classname="com.salesforce.test.RandomscenarioTest" name="TC35" time="13.394"/>
  <testcase classname="com.salesforce.test.RandomscenarioTest" name="TC36" time="16.729"/>
  <testcase classname="com.salesforce.test.RandomscenarioTest" name="TC37" time="18.549"/>
  <testcase classname="com.salesforce.test.BaseTest" name="@BeforeTest setUp" time="0.0">
    <ignored/>
  </testcase> <!-- @BeforeTest setUp -->
  <testcase classname="com.salesforce.test.BaseTest" name="@BeforeTest setUp" time="0.0">
    <ignored/>
  </testcase> <!-- @BeforeTest setUp -->
  <testcase classname="com.salesforce.test.BaseTest" name="@BeforeTest setUp" time="0.0">
    <ignored/>
  </testcase> <!-- @BeforeTest setUp -->
  <testcase classname="com.salesforce.test.BaseTest" name="@BeforeTest setUp" time="0.0">
    <ignored/>
  </testcase> <!-- @BeforeTest setUp -->
  <testcase classname="com.salesforce.test.BaseTest" name="@BeforeTest setUp" time="0.0">
    <ignored/>
  </testcase> <!-- @BeforeTest setUp -->
  <testcase classname="com.salesforce.test.BaseTest" name="@AfterTest endUp" time="0.0">
    <ignored/>
  </testcase> <!-- @AfterTest endUp -->
  <testcase classname="com.salesforce.test.BaseTest" name="@AfterTest endUp" time="0.0">
    <ignored/>
  </testcase> <!-- @AfterTest endUp -->
  <testcase classname="com.salesforce.test.BaseTest" name="@AfterTest endUp" time="0.0">
    <ignored/>
  </testcase> <!-- @AfterTest endUp -->
  <testcase classname="com.salesforce.test.BaseTest" name="@AfterTest endUp" time="0.0">
    <ignored/>
  </testcase> <!-- @AfterTest endUp -->
  <testcase classname="com.salesforce.test.BaseTest" name="@AfterTest endUp" time="0.0">
    <ignored/>
  </testcase> <!-- @AfterTest endUp -->
</testsuite> <!-- MyTest -->
